{"/home/runner/work/json-to-drizzle/json-to-drizzle/src/create-relational-structure/create-foreign-key.ts": {"path":"/home/runner/work/json-to-drizzle/json-to-drizzle/src/create-relational-structure/create-foreign-key.ts","statementMap":{"0":{"start":{"line":7,"column":2},"end":{"line":7,"column":null}}},"fnMap":{"0":{"name":"createForeignKey","decl":{"start":{"line":3,"column":16},"end":{"line":3,"column":null}},"loc":{"start":{"line":6,"column":27},"end":{"line":8,"column":null}},"line":6}},"branchMap":{},"s":{"0":13},"f":{"0":13},"b":{},"meta":{"lastBranch":0,"lastFunction":1,"lastStatement":1,"seen":{"f:3:16:3:Infinity":0,"s:7:2:7:Infinity":0}}}
,"/home/runner/work/json-to-drizzle/json-to-drizzle/src/create-relational-structure/create-relational-structure.ts": {"path":"/home/runner/work/json-to-drizzle/json-to-drizzle/src/create-relational-structure/create-relational-structure.ts","statementMap":{"0":{"start":{"line":12,"column":37},"end":{"line":12,"column":null}},"1":{"start":{"line":13,"column":49},"end":{"line":13,"column":null}},"2":{"start":{"line":14,"column":60},"end":{"line":14,"column":null}},"3":{"start":{"line":15,"column":50},"end":{"line":15,"column":null}},"4":{"start":{"line":16,"column":54},"end":{"line":16,"column":null}},"5":{"start":{"line":18,"column":2},"end":{"line":25,"column":null}},"6":{"start":{"line":19,"column":4},"end":{"line":24,"column":null}},"7":{"start":{"line":26,"column":2},"end":{"line":26,"column":null}},"8":{"start":{"line":28,"column":15},"end":{"line":28,"column":null}},"9":{"start":{"line":28,"column":41},"end":{"line":28,"column":57}},"10":{"start":{"line":30,"column":2},"end":{"line":55,"column":null}},"11":{"start":{"line":31,"column":4},"end":{"line":54,"column":null}},"12":{"start":{"line":32,"column":20},"end":{"line":32,"column":null}},"13":{"start":{"line":33,"column":6},"end":{"line":53,"column":null}},"14":{"start":{"line":34,"column":8},"end":{"line":36,"column":null}},"15":{"start":{"line":35,"column":10},"end":{"line":35,"column":null}},"16":{"start":{"line":37,"column":32},"end":{"line":37,"column":null}},"17":{"start":{"line":38,"column":8},"end":{"line":40,"column":null}},"18":{"start":{"line":39,"column":10},"end":{"line":39,"column":null}},"19":{"start":{"line":42,"column":8},"end":{"line":48,"column":null}},"20":{"start":{"line":43,"column":10},"end":{"line":43,"column":null}},"21":{"start":{"line":45,"column":10},"end":{"line":47,"column":null}},"22":{"start":{"line":46,"column":12},"end":{"line":46,"column":null}},"23":{"start":{"line":49,"column":8},"end":{"line":52,"column":null}},"24":{"start":{"line":57,"column":2},"end":{"line":66,"column":null}},"25":{"start":{"line":58,"column":58},"end":{"line":58,"column":null}},"26":{"start":{"line":59,"column":4},"end":{"line":64,"column":null}},"27":{"start":{"line":60,"column":6},"end":{"line":62,"column":null}},"28":{"start":{"line":61,"column":8},"end":{"line":61,"column":null}},"29":{"start":{"line":63,"column":6},"end":{"line":63,"column":null}},"30":{"start":{"line":65,"column":4},"end":{"line":65,"column":null}},"31":{"start":{"line":68,"column":2},"end":{"line":68,"column":null}},"32":{"start":{"line":69,"column":2},"end":{"line":69,"column":null}},"33":{"start":{"line":71,"column":2},"end":{"line":78,"column":null}},"34":{"start":{"line":72,"column":23},"end":{"line":72,"column":null}},"35":{"start":{"line":73,"column":4},"end":{"line":77,"column":null}},"36":{"start":{"line":80,"column":43},"end":{"line":84,"column":null}},"37":{"start":{"line":86,"column":33},"end":{"line":94,"column":null}},"38":{"start":{"line":88,"column":6},"end":{"line":92,"column":null}},"39":{"start":{"line":96,"column":2},"end":{"line":96,"column":null}}},"fnMap":{"0":{"name":"createRelationalStructure","decl":{"start":{"line":7,"column":16},"end":{"line":7,"column":null}},"loc":{"start":{"line":11,"column":21},"end":{"line":97,"column":null}},"line":11},"1":{"name":"(anonymous_1)","decl":{"start":{"line":28,"column":32},"end":{"line":28,"column":33}},"loc":{"start":{"line":28,"column":41},"end":{"line":28,"column":57}},"line":28},"2":{"name":"(anonymous_2)","decl":{"start":{"line":30,"column":15},"end":{"line":30,"column":16}},"loc":{"start":{"line":30,"column":36},"end":{"line":55,"column":3}},"line":30},"3":{"name":"(anonymous_3)","decl":{"start":{"line":38,"column":22},"end":{"line":38,"column":23}},"loc":{"start":{"line":39,"column":10},"end":{"line":39,"column":null}},"line":39},"4":{"name":"(anonymous_4)","decl":{"start":{"line":57,"column":15},"end":{"line":57,"column":16}},"loc":{"start":{"line":57,"column":29},"end":{"line":66,"column":3}},"line":57},"5":{"name":"(anonymous_5)","decl":{"start":{"line":87,"column":9},"end":{"line":87,"column":10}},"loc":{"start":{"line":88,"column":6},"end":{"line":92,"column":null}},"line":88}},"branchMap":{"0":{"loc":{"start":{"line":18,"column":2},"end":{"line":25,"column":null}},"type":"if","locations":[{"start":{"line":18,"column":2},"end":{"line":25,"column":null}},{"start":{},"end":{}}],"line":18},"1":{"loc":{"start":{"line":33,"column":6},"end":{"line":53,"column":null}},"type":"if","locations":[{"start":{"line":33,"column":6},"end":{"line":53,"column":null}},{"start":{"line":41,"column":13},"end":{"line":53,"column":null}}],"line":33},"2":{"loc":{"start":{"line":34,"column":8},"end":{"line":36,"column":null}},"type":"if","locations":[{"start":{"line":34,"column":8},"end":{"line":36,"column":null}},{"start":{},"end":{}}],"line":34},"3":{"loc":{"start":{"line":45,"column":10},"end":{"line":47,"column":null}},"type":"if","locations":[{"start":{"line":45,"column":10},"end":{"line":47,"column":null}},{"start":{},"end":{}}],"line":45},"4":{"loc":{"start":{"line":60,"column":6},"end":{"line":62,"column":null}},"type":"if","locations":[{"start":{"line":60,"column":6},"end":{"line":62,"column":null}},{"start":{},"end":{}}],"line":60},"5":{"loc":{"start":{"line":76,"column":10},"end":{"line":76,"column":null}},"type":"cond-expr","locations":[{"start":{"line":76,"column":23},"end":{"line":76,"column":40}},{"start":{"line":76,"column":40},"end":{"line":76,"column":null}}],"line":76}},"s":{"0":35,"1":35,"2":35,"3":35,"4":35,"5":35,"6":12,"7":35,"8":35,"9":74,"10":35,"11":74,"12":149,"13":149,"14":18,"15":12,"16":18,"17":18,"18":28,"19":131,"20":131,"21":7,"22":0,"23":131,"24":35,"25":74,"26":74,"27":145,"28":18,"29":127,"30":74,"31":35,"32":35,"33":35,"34":28,"35":28,"36":35,"37":35,"38":12,"39":35},"f":{"0":35,"1":74,"2":74,"3":28,"4":74,"5":12},"b":{"0":[12,23],"1":[18,131],"2":[12,6],"3":[0,7],"4":[18,127],"5":[7,21]},"meta":{"lastBranch":6,"lastFunction":6,"lastStatement":40,"seen":{"f:7:16:7:Infinity":0,"s:12:37:12:Infinity":0,"s:13:49:13:Infinity":1,"s:14:60:14:Infinity":2,"s:15:50:15:Infinity":3,"s:16:54:16:Infinity":4,"b:18:2:25:Infinity:undefined:undefined:undefined:undefined":0,"s:18:2:25:Infinity":5,"s:19:4:24:Infinity":6,"s:26:2:26:Infinity":7,"s:28:15:28:Infinity":8,"f:28:32:28:33":1,"s:28:41:28:57":9,"s:30:2:55:Infinity":10,"f:30:15:30:16":2,"s:31:4:54:Infinity":11,"s:32:20:32:Infinity":12,"b:33:6:53:Infinity:41:13:53:Infinity":1,"s:33:6:53:Infinity":13,"b:34:8:36:Infinity:undefined:undefined:undefined:undefined":2,"s:34:8:36:Infinity":14,"s:35:10:35:Infinity":15,"s:37:32:37:Infinity":16,"s:38:8:40:Infinity":17,"f:38:22:38:23":3,"s:39:10:39:Infinity":18,"s:42:8:48:Infinity":19,"s:43:10:43:Infinity":20,"b:45:10:47:Infinity:undefined:undefined:undefined:undefined":3,"s:45:10:47:Infinity":21,"s:46:12:46:Infinity":22,"s:49:8:52:Infinity":23,"s:57:2:66:Infinity":24,"f:57:15:57:16":4,"s:58:58:58:Infinity":25,"s:59:4:64:Infinity":26,"b:60:6:62:Infinity:undefined:undefined:undefined:undefined":4,"s:60:6:62:Infinity":27,"s:61:8:61:Infinity":28,"s:63:6:63:Infinity":29,"s:65:4:65:Infinity":30,"s:68:2:68:Infinity":31,"s:69:2:69:Infinity":32,"s:71:2:78:Infinity":33,"s:72:23:72:Infinity":34,"s:73:4:77:Infinity":35,"b:76:23:76:40:76:40:76:Infinity":5,"s:80:43:84:Infinity":36,"s:86:33:94:Infinity":37,"f:87:9:87:10":5,"s:88:6:92:Infinity":38,"s:96:2:96:Infinity":39}}}
,"/home/runner/work/json-to-drizzle/json-to-drizzle/src/create-relational-structure/create-relational-table.ts": {"path":"/home/runner/work/json-to-drizzle/json-to-drizzle/src/create-relational-structure/create-relational-table.ts","statementMap":{"0":{"start":{"line":6,"column":2},"end":{"line":6,"column":null}}},"fnMap":{"0":{"name":"createRelationalTable","decl":{"start":{"line":3,"column":16},"end":{"line":3,"column":null}},"loc":{"start":{"line":5,"column":5},"end":{"line":7,"column":null}},"line":5}},"branchMap":{},"s":{"0":2},"f":{"0":2},"b":{},"meta":{"lastBranch":0,"lastFunction":1,"lastStatement":1,"seen":{"f:3:16:3:Infinity":0,"s:6:2:6:Infinity":0}}}
,"/home/runner/work/json-to-drizzle/json-to-drizzle/src/create-relational-structure/get-foreign-keys.ts": {"path":"/home/runner/work/json-to-drizzle/json-to-drizzle/src/create-relational-structure/get-foreign-keys.ts","statementMap":{"0":{"start":{"line":4,"column":2},"end":{"line":11,"column":null}},"1":{"start":{"line":5,"column":23},"end":{"line":5,"column":38}},"2":{"start":{"line":7,"column":43},"end":{"line":10,"column":null}}},"fnMap":{"0":{"name":"getForeignKeys","decl":{"start":{"line":3,"column":16},"end":{"line":3,"column":31}},"loc":{"start":{"line":3,"column":69},"end":{"line":12,"column":null}},"line":3},"1":{"name":"(anonymous_1)","decl":{"start":{"line":5,"column":12},"end":{"line":5,"column":13}},"loc":{"start":{"line":5,"column":23},"end":{"line":5,"column":38}},"line":5},"2":{"name":"(anonymous_2)","decl":{"start":{"line":7,"column":6},"end":{"line":7,"column":7}},"loc":{"start":{"line":7,"column":43},"end":{"line":10,"column":null}},"line":7}},"branchMap":{},"s":{"0":13,"1":29,"2":5},"f":{"0":13,"1":29,"2":5},"b":{},"meta":{"lastBranch":0,"lastFunction":3,"lastStatement":3,"seen":{"f:3:16:3:31":0,"s:4:2:11:Infinity":0,"f:5:12:5:13":1,"s:5:23:5:38":1,"f:7:6:7:7":2,"s:7:43:10:Infinity":2}}}
,"/home/runner/work/json-to-drizzle/json-to-drizzle/src/create-relational-structure/get-is-nullable.ts": {"path":"/home/runner/work/json-to-drizzle/json-to-drizzle/src/create-relational-structure/get-is-nullable.ts","statementMap":{"0":{"start":{"line":7,"column":2},"end":{"line":7,"column":null}}},"fnMap":{"0":{"name":"getIsNullable","decl":{"start":{"line":3,"column":16},"end":{"line":3,"column":null}},"loc":{"start":{"line":6,"column":11},"end":{"line":8,"column":null}},"line":6}},"branchMap":{"0":{"loc":{"start":{"line":7,"column":9},"end":{"line":7,"column":null}},"type":"binary-expr","locations":[{"start":{"line":7,"column":9},"end":{"line":7,"column":27}},{"start":{"line":7,"column":27},"end":{"line":7,"column":45}},{"start":{"line":7,"column":45},"end":{"line":7,"column":null}}],"line":7}},"s":{"0":131},"f":{"0":131},"b":{"0":[131,126,123]},"meta":{"lastBranch":1,"lastFunction":1,"lastStatement":1,"seen":{"f:3:16:3:Infinity":0,"s:7:2:7:Infinity":0,"b:7:9:7:27:7:27:7:45:7:45:7:Infinity":0}}}
,"/home/runner/work/json-to-drizzle/json-to-drizzle/src/create-relational-structure/get-primary-keys.ts": {"path":"/home/runner/work/json-to-drizzle/json-to-drizzle/src/create-relational-structure/get-primary-keys.ts","statementMap":{"0":{"start":{"line":4,"column":2},"end":{"line":6,"column":null}},"1":{"start":{"line":5,"column":23},"end":{"line":5,"column":41}},"2":{"start":{"line":6,"column":22},"end":{"line":6,"column":25}}},"fnMap":{"0":{"name":"getPrimaryKeys","decl":{"start":{"line":3,"column":16},"end":{"line":3,"column":31}},"loc":{"start":{"line":3,"column":65},"end":{"line":7,"column":null}},"line":3},"1":{"name":"(anonymous_1)","decl":{"start":{"line":5,"column":12},"end":{"line":5,"column":13}},"loc":{"start":{"line":5,"column":23},"end":{"line":5,"column":41}},"line":5},"2":{"name":"(anonymous_2)","decl":{"start":{"line":6,"column":9},"end":{"line":6,"column":10}},"loc":{"start":{"line":6,"column":22},"end":{"line":6,"column":25}},"line":6}},"branchMap":{},"s":{"0":12,"1":26,"2":16},"f":{"0":12,"1":26,"2":16},"b":{},"meta":{"lastBranch":0,"lastFunction":3,"lastStatement":3,"seen":{"f:3:16:3:31":0,"s:4:2:6:Infinity":0,"f:5:12:5:13":1,"s:5:23:5:41":1,"f:6:9:6:10":2,"s:6:22:6:25":2}}}
,"/home/runner/work/json-to-drizzle/json-to-drizzle/src/create-relational-structure/get-type.ts": {"path":"/home/runner/work/json-to-drizzle/json-to-drizzle/src/create-relational-structure/get-type.ts","statementMap":{"0":{"start":{"line":10,"column":2},"end":{"line":27,"column":null}},"1":{"start":{"line":12,"column":6},"end":{"line":16,"column":null}},"2":{"start":{"line":13,"column":8},"end":{"line":13,"column":null}},"3":{"start":{"line":15,"column":8},"end":{"line":15,"column":null}},"4":{"start":{"line":19,"column":6},"end":{"line":19,"column":null}},"5":{"start":{"line":22,"column":6},"end":{"line":22,"column":null}},"6":{"start":{"line":25,"column":6},"end":{"line":25,"column":null}}},"fnMap":{"0":{"name":"getType","decl":{"start":{"line":6,"column":16},"end":{"line":6,"column":null}},"loc":{"start":{"line":9,"column":13},"end":{"line":28,"column":null}},"line":9}},"branchMap":{"0":{"loc":{"start":{"line":10,"column":2},"end":{"line":27,"column":null}},"type":"switch","locations":[{"start":{"line":11,"column":4},"end":{"line":17,"column":null}},{"start":{"line":18,"column":4},"end":{"line":20,"column":null}},{"start":{"line":21,"column":4},"end":{"line":23,"column":null}},{"start":{"line":24,"column":4},"end":{"line":26,"column":null}}],"line":10},"1":{"loc":{"start":{"line":12,"column":6},"end":{"line":16,"column":null}},"type":"if","locations":[{"start":{"line":12,"column":6},"end":{"line":16,"column":null}},{"start":{"line":14,"column":13},"end":{"line":16,"column":null}}],"line":12},"2":{"loc":{"start":{"line":12,"column":10},"end":{"line":12,"column":58}},"type":"binary-expr","locations":[{"start":{"line":12,"column":10},"end":{"line":12,"column":33}},{"start":{"line":12,"column":33},"end":{"line":12,"column":58}}],"line":12}},"s":{"0":131,"1":101,"2":95,"3":6,"4":17,"5":6,"6":7},"f":{"0":131},"b":{"0":[101,17,6,7],"1":[95,6],"2":[101,98]},"meta":{"lastBranch":3,"lastFunction":1,"lastStatement":7,"seen":{"f:6:16:6:Infinity":0,"b:11:4:17:Infinity:18:4:20:Infinity:21:4:23:Infinity:24:4:26:Infinity":0,"s:10:2:27:Infinity":0,"b:12:6:16:Infinity:14:13:16:Infinity":1,"s:12:6:16:Infinity":1,"b:12:10:12:33:12:33:12:58":2,"s:13:8:13:Infinity":2,"s:15:8:15:Infinity":3,"s:19:6:19:Infinity":4,"s:22:6:22:Infinity":5,"s:25:6:25:Infinity":6}}}
,"/home/runner/work/json-to-drizzle/json-to-drizzle/src/create-relational-structure/index.ts": {"path":"/home/runner/work/json-to-drizzle/json-to-drizzle/src/create-relational-structure/index.ts","statementMap":{},"fnMap":{},"branchMap":{},"s":{},"f":{},"b":{},"meta":{"lastBranch":0,"lastFunction":0,"lastStatement":0,"seen":{}}}
,"/home/runner/work/json-to-drizzle/json-to-drizzle/src/normalize/index.ts": {"path":"/home/runner/work/json-to-drizzle/json-to-drizzle/src/normalize/index.ts","statementMap":{},"fnMap":{},"branchMap":{},"s":{},"f":{},"b":{},"meta":{"lastBranch":0,"lastFunction":0,"lastStatement":0,"seen":{}}}
,"/home/runner/work/json-to-drizzle/json-to-drizzle/src/normalize/normalize-array-of-arrays.ts": {"path":"/home/runner/work/json-to-drizzle/json-to-drizzle/src/normalize/normalize-array-of-arrays.ts","statementMap":{"0":{"start":{"line":4,"column":2},"end":{"line":19,"column":null}},"1":{"start":{"line":5,"column":4},"end":{"line":9,"column":null}},"2":{"start":{"line":6,"column":6},"end":{"line":6,"column":null}},"3":{"start":{"line":6,"column":34},"end":{"line":6,"column":77}},"4":{"start":{"line":8,"column":6},"end":{"line":8,"column":null}},"5":{"start":{"line":8,"column":32},"end":{"line":8,"column":62}},"6":{"start":{"line":10,"column":2},"end":{"line":19,"column":null}},"7":{"start":{"line":11,"column":4},"end":{"line":16,"column":null}},"8":{"start":{"line":12,"column":49},"end":{"line":15,"column":7}},"9":{"start":{"line":18,"column":4},"end":{"line":18,"column":null}}},"fnMap":{"0":{"name":"normalizePrimitiveArrays","decl":{"start":{"line":3,"column":16},"end":{"line":3,"column":41}},"loc":{"start":{"line":3,"column":57},"end":{"line":20,"column":null}},"line":3},"1":{"name":"(anonymous_1)","decl":{"start":{"line":6,"column":22},"end":{"line":6,"column":23}},"loc":{"start":{"line":6,"column":34},"end":{"line":6,"column":77}},"line":6},"2":{"name":"(anonymous_2)","decl":{"start":{"line":8,"column":22},"end":{"line":8,"column":23}},"loc":{"start":{"line":8,"column":32},"end":{"line":8,"column":62}},"line":8},"3":{"name":"(anonymous_3)","decl":{"start":{"line":12,"column":31},"end":{"line":12,"column":32}},"loc":{"start":{"line":12,"column":49},"end":{"line":15,"column":7}},"line":12}},"branchMap":{"0":{"loc":{"start":{"line":4,"column":2},"end":{"line":19,"column":null}},"type":"if","locations":[{"start":{"line":4,"column":2},"end":{"line":19,"column":null}},{"start":{"line":10,"column":2},"end":{"line":19,"column":null}}],"line":4},"1":{"loc":{"start":{"line":5,"column":4},"end":{"line":9,"column":null}},"type":"if","locations":[{"start":{"line":5,"column":4},"end":{"line":9,"column":null}},{"start":{"line":7,"column":11},"end":{"line":9,"column":null}}],"line":5},"2":{"loc":{"start":{"line":10,"column":2},"end":{"line":19,"column":null}},"type":"if","locations":[{"start":{"line":10,"column":2},"end":{"line":19,"column":null}},{"start":{"line":17,"column":9},"end":{"line":19,"column":null}}],"line":10}},"s":{"0":178,"1":35,"2":2,"3":2,"4":33,"5":65,"6":143,"7":71,"8":92,"9":72},"f":{"0":178,"1":2,"2":65,"3":92},"b":{"0":[35,143],"1":[2,33],"2":[71,72]},"meta":{"lastBranch":3,"lastFunction":4,"lastStatement":10,"seen":{"f:3:16:3:41":0,"b:4:2:19:Infinity:10:2:19:Infinity":0,"s:4:2:19:Infinity":0,"b:5:4:9:Infinity:7:11:9:Infinity":1,"s:5:4:9:Infinity":1,"s:6:6:6:Infinity":2,"f:6:22:6:23":1,"s:6:34:6:77":3,"s:8:6:8:Infinity":4,"f:8:22:8:23":2,"s:8:32:8:62":5,"b:10:2:19:Infinity:17:9:19:Infinity":2,"s:10:2:19:Infinity":6,"s:11:4:16:Infinity":7,"f:12:31:12:32":3,"s:12:49:15:7":8,"s:18:4:18:Infinity":9}}}
,"/home/runner/work/json-to-drizzle/json-to-drizzle/src/normalize/normalize-array-of-primitives.ts": {"path":"/home/runner/work/json-to-drizzle/json-to-drizzle/src/normalize/normalize-array-of-primitives.ts","statementMap":{"0":{"start":{"line":4,"column":2},"end":{"line":19,"column":null}},"1":{"start":{"line":5,"column":4},"end":{"line":9,"column":null}},"2":{"start":{"line":6,"column":6},"end":{"line":6,"column":null}},"3":{"start":{"line":6,"column":34},"end":{"line":6,"column":44}},"4":{"start":{"line":8,"column":6},"end":{"line":8,"column":null}},"5":{"start":{"line":8,"column":32},"end":{"line":8,"column":64}},"6":{"start":{"line":10,"column":2},"end":{"line":19,"column":null}},"7":{"start":{"line":11,"column":4},"end":{"line":16,"column":null}},"8":{"start":{"line":12,"column":49},"end":{"line":15,"column":7}},"9":{"start":{"line":18,"column":4},"end":{"line":18,"column":null}}},"fnMap":{"0":{"name":"normalizeArrayOfPrimitives","decl":{"start":{"line":3,"column":16},"end":{"line":3,"column":43}},"loc":{"start":{"line":3,"column":59},"end":{"line":20,"column":null}},"line":3},"1":{"name":"(anonymous_1)","decl":{"start":{"line":6,"column":22},"end":{"line":6,"column":23}},"loc":{"start":{"line":6,"column":34},"end":{"line":6,"column":44}},"line":6},"2":{"name":"(anonymous_2)","decl":{"start":{"line":8,"column":22},"end":{"line":8,"column":23}},"loc":{"start":{"line":8,"column":32},"end":{"line":8,"column":64}},"line":8},"3":{"name":"(anonymous_3)","decl":{"start":{"line":12,"column":31},"end":{"line":12,"column":32}},"loc":{"start":{"line":12,"column":49},"end":{"line":15,"column":7}},"line":12}},"branchMap":{"0":{"loc":{"start":{"line":4,"column":2},"end":{"line":19,"column":null}},"type":"if","locations":[{"start":{"line":4,"column":2},"end":{"line":19,"column":null}},{"start":{"line":10,"column":2},"end":{"line":19,"column":null}}],"line":4},"1":{"loc":{"start":{"line":5,"column":4},"end":{"line":9,"column":null}},"type":"if","locations":[{"start":{"line":5,"column":4},"end":{"line":9,"column":null}},{"start":{"line":7,"column":11},"end":{"line":9,"column":null}}],"line":5},"2":{"loc":{"start":{"line":10,"column":2},"end":{"line":19,"column":null}},"type":"if","locations":[{"start":{"line":10,"column":2},"end":{"line":19,"column":null}},{"start":{"line":17,"column":9},"end":{"line":19,"column":null}}],"line":10}},"s":{"0":122,"1":35,"2":10,"3":28,"4":25,"5":39,"6":87,"7":43,"8":64,"9":44},"f":{"0":122,"1":28,"2":39,"3":64},"b":{"0":[35,87],"1":[10,25],"2":[43,44]},"meta":{"lastBranch":3,"lastFunction":4,"lastStatement":10,"seen":{"f:3:16:3:43":0,"b:4:2:19:Infinity:10:2:19:Infinity":0,"s:4:2:19:Infinity":0,"b:5:4:9:Infinity:7:11:9:Infinity":1,"s:5:4:9:Infinity":1,"s:6:6:6:Infinity":2,"f:6:22:6:23":1,"s:6:34:6:44":3,"s:8:6:8:Infinity":4,"f:8:22:8:23":2,"s:8:32:8:64":5,"b:10:2:19:Infinity:17:9:19:Infinity":2,"s:10:2:19:Infinity":6,"s:11:4:16:Infinity":7,"f:12:31:12:32":3,"s:12:49:15:7":8,"s:18:4:18:Infinity":9}}}
,"/home/runner/work/json-to-drizzle/json-to-drizzle/src/normalize/normalize-deep-objects.ts": {"path":"/home/runner/work/json-to-drizzle/json-to-drizzle/src/normalize/normalize-deep-objects.ts","statementMap":{"0":{"start":{"line":8,"column":2},"end":{"line":26,"column":null}},"1":{"start":{"line":9,"column":4},"end":{"line":9,"column":null}},"2":{"start":{"line":9,"column":29},"end":{"line":9,"column":55}},"3":{"start":{"line":10,"column":2},"end":{"line":26,"column":null}},"4":{"start":{"line":11,"column":4},"end":{"line":22,"column":null}},"5":{"start":{"line":12,"column":12},"end":{"line":12,"column":null}},"6":{"start":{"line":14,"column":20},"end":{"line":14,"column":null}},"7":{"start":{"line":15,"column":6},"end":{"line":21,"column":null}},"8":{"start":{"line":16,"column":8},"end":{"line":16,"column":null}},"9":{"start":{"line":16,"column":42},"end":{"line":16,"column":68}},"10":{"start":{"line":17,"column":6},"end":{"line":21,"column":null}},"11":{"start":{"line":18,"column":8},"end":{"line":18,"column":null}},"12":{"start":{"line":20,"column":8},"end":{"line":20,"column":null}},"13":{"start":{"line":23,"column":4},"end":{"line":23,"column":null}},"14":{"start":{"line":25,"column":4},"end":{"line":25,"column":null}}},"fnMap":{"0":{"name":"normalizeDeepObjects","decl":{"start":{"line":3,"column":16},"end":{"line":3,"column":null}},"loc":{"start":{"line":7,"column":7},"end":{"line":27,"column":null}},"line":7},"1":{"name":"(anonymous_1)","decl":{"start":{"line":9,"column":19},"end":{"line":9,"column":20}},"loc":{"start":{"line":9,"column":29},"end":{"line":9,"column":55}},"line":9},"2":{"name":"(anonymous_2)","decl":{"start":{"line":16,"column":32},"end":{"line":16,"column":33}},"loc":{"start":{"line":16,"column":42},"end":{"line":16,"column":68}},"line":16}},"branchMap":{"0":{"loc":{"start":{"line":5,"column":2},"end":{"line":5,"column":null}},"type":"default-arg","locations":[{"start":{"line":5,"column":31},"end":{"line":5,"column":null}}],"line":5},"1":{"loc":{"start":{"line":6,"column":2},"end":{"line":6,"column":null}},"type":"default-arg","locations":[{"start":{"line":6,"column":13},"end":{"line":6,"column":null}}],"line":6},"2":{"loc":{"start":{"line":8,"column":2},"end":{"line":26,"column":null}},"type":"if","locations":[{"start":{"line":8,"column":2},"end":{"line":26,"column":null}},{"start":{"line":10,"column":2},"end":{"line":26,"column":null}}],"line":8},"3":{"loc":{"start":{"line":10,"column":2},"end":{"line":26,"column":null}},"type":"if","locations":[{"start":{"line":10,"column":2},"end":{"line":26,"column":null}},{"start":{"line":24,"column":9},"end":{"line":26,"column":null}}],"line":10},"4":{"loc":{"start":{"line":10,"column":13},"end":{"line":10,"column":54}},"type":"binary-expr","locations":[{"start":{"line":10,"column":13},"end":{"line":10,"column":40}},{"start":{"line":10,"column":40},"end":{"line":10,"column":54}}],"line":10},"5":{"loc":{"start":{"line":12,"column":31},"end":{"line":12,"column":70}},"type":"cond-expr","locations":[{"start":{"line":12,"column":43},"end":{"line":12,"column":67}},{"start":{"line":12,"column":67},"end":{"line":12,"column":70}}],"line":12},"6":{"loc":{"start":{"line":15,"column":6},"end":{"line":21,"column":null}},"type":"if","locations":[{"start":{"line":15,"column":6},"end":{"line":21,"column":null}},{"start":{"line":17,"column":6},"end":{"line":21,"column":null}}],"line":15},"7":{"loc":{"start":{"line":17,"column":6},"end":{"line":21,"column":null}},"type":"if","locations":[{"start":{"line":17,"column":6},"end":{"line":21,"column":null}},{"start":{"line":19,"column":13},"end":{"line":21,"column":null}}],"line":17},"8":{"loc":{"start":{"line":17,"column":17},"end":{"line":17,"column":62}},"type":"binary-expr","locations":[{"start":{"line":17,"column":17},"end":{"line":17,"column":46}},{"start":{"line":17,"column":46},"end":{"line":17,"column":62}}],"line":17}},"s":{"0":120,"1":22,"2":42,"3":98,"4":92,"5":117,"6":117,"7":117,"8":20,"9":36,"10":97,"11":16,"12":81,"13":92,"14":6},"f":{"0":120,"1":42,"2":36},"b":{"0":[120],"1":[120],"2":[22,98],"3":[92,6],"4":[98,93],"5":[24,93],"6":[20,97],"7":[16,81],"8":[97,21]},"meta":{"lastBranch":9,"lastFunction":3,"lastStatement":15,"seen":{"f:3:16:3:Infinity":0,"b:5:31:5:Infinity":0,"b:6:13:6:Infinity":1,"b:8:2:26:Infinity:10:2:26:Infinity":2,"s:8:2:26:Infinity":0,"s:9:4:9:Infinity":1,"f:9:19:9:20":1,"s:9:29:9:55":2,"b:10:2:26:Infinity:24:9:26:Infinity":3,"s:10:2:26:Infinity":3,"b:10:13:10:40:10:40:10:54":4,"s:11:4:22:Infinity":4,"s:12:12:12:Infinity":5,"b:12:43:12:67:12:67:12:70":5,"s:14:20:14:Infinity":6,"b:15:6:21:Infinity:17:6:21:Infinity":6,"s:15:6:21:Infinity":7,"s:16:8:16:Infinity":8,"f:16:32:16:33":2,"s:16:42:16:68":9,"b:17:6:21:Infinity:19:13:21:Infinity":7,"s:17:6:21:Infinity":10,"b:17:17:17:46:17:46:17:62":8,"s:18:8:18:Infinity":11,"s:20:8:20:Infinity":12,"s:23:4:23:Infinity":13,"s:25:4:25:Infinity":14}}}
,"/home/runner/work/json-to-drizzle/json-to-drizzle/src/normalize/normalize-localization.ts": {"path":"/home/runner/work/json-to-drizzle/json-to-drizzle/src/normalize/normalize-localization.ts","statementMap":{"0":{"start":{"line":4,"column":2},"end":{"line":19,"column":null}},"1":{"start":{"line":5,"column":4},"end":{"line":5,"column":null}},"2":{"start":{"line":5,"column":30},"end":{"line":5,"column":57}},"3":{"start":{"line":6,"column":2},"end":{"line":19,"column":null}},"4":{"start":{"line":7,"column":4},"end":{"line":16,"column":null}},"5":{"start":{"line":8,"column":6},"end":{"line":8,"column":null}},"6":{"start":{"line":8,"column":57},"end":{"line":8,"column":72}},"7":{"start":{"line":10,"column":6},"end":{"line":15,"column":null}},"8":{"start":{"line":11,"column":51},"end":{"line":14,"column":9}},"9":{"start":{"line":18,"column":4},"end":{"line":18,"column":null}}},"fnMap":{"0":{"name":"normalizeLocalization","decl":{"start":{"line":3,"column":16},"end":{"line":3,"column":38}},"loc":{"start":{"line":3,"column":54},"end":{"line":20,"column":null}},"line":3},"1":{"name":"(anonymous_1)","decl":{"start":{"line":5,"column":20},"end":{"line":5,"column":21}},"loc":{"start":{"line":5,"column":30},"end":{"line":5,"column":57}},"line":5},"2":{"name":"(anonymous_2)","decl":{"start":{"line":8,"column":38},"end":{"line":8,"column":39}},"loc":{"start":{"line":8,"column":57},"end":{"line":8,"column":72}},"line":8},"3":{"name":"(anonymous_3)","decl":{"start":{"line":11,"column":33},"end":{"line":11,"column":34}},"loc":{"start":{"line":11,"column":51},"end":{"line":14,"column":9}},"line":11}},"branchMap":{"0":{"loc":{"start":{"line":4,"column":2},"end":{"line":19,"column":null}},"type":"if","locations":[{"start":{"line":4,"column":2},"end":{"line":19,"column":null}},{"start":{"line":6,"column":2},"end":{"line":19,"column":null}}],"line":4},"1":{"loc":{"start":{"line":6,"column":2},"end":{"line":19,"column":null}},"type":"if","locations":[{"start":{"line":6,"column":2},"end":{"line":19,"column":null}},{"start":{"line":17,"column":9},"end":{"line":19,"column":null}}],"line":6},"2":{"loc":{"start":{"line":7,"column":4},"end":{"line":16,"column":null}},"type":"if","locations":[{"start":{"line":7,"column":4},"end":{"line":16,"column":null}},{"start":{"line":9,"column":11},"end":{"line":16,"column":null}}],"line":7}},"s":{"0":141,"1":34,"2":64,"3":107,"4":41,"5":1,"6":3,"7":40,"8":58,"9":66},"f":{"0":141,"1":64,"2":3,"3":58},"b":{"0":[34,107],"1":[41,66],"2":[1,40]},"meta":{"lastBranch":3,"lastFunction":4,"lastStatement":10,"seen":{"f:3:16:3:38":0,"b:4:2:19:Infinity:6:2:19:Infinity":0,"s:4:2:19:Infinity":0,"s:5:4:5:Infinity":1,"f:5:20:5:21":1,"s:5:30:5:57":2,"b:6:2:19:Infinity:17:9:19:Infinity":1,"s:6:2:19:Infinity":3,"b:7:4:16:Infinity:9:11:16:Infinity":2,"s:7:4:16:Infinity":4,"s:8:6:8:Infinity":5,"f:8:38:8:39":2,"s:8:57:8:72":6,"s:10:6:15:Infinity":7,"f:11:33:11:34":3,"s:11:51:14:9":8,"s:18:4:18:Infinity":9}}}
,"/home/runner/work/json-to-drizzle/json-to-drizzle/src/normalize/normalize.ts": {"path":"/home/runner/work/json-to-drizzle/json-to-drizzle/src/normalize/normalize.ts","statementMap":{"0":{"start":{"line":9,"column":2},"end":{"line":18,"column":null}}},"fnMap":{"0":{"name":"normalize","decl":{"start":{"line":7,"column":16},"end":{"line":7,"column":26}},"loc":{"start":{"line":7,"column":59},"end":{"line":19,"column":null}},"line":7}},"branchMap":{},"s":{"0":19},"f":{"0":19},"b":{},"meta":{"lastBranch":0,"lastFunction":1,"lastStatement":1,"seen":{"f:7:16:7:26":0,"s:9:2:18:Infinity":0}}}
,"/home/runner/work/json-to-drizzle/json-to-drizzle/src/sqlite/create-data-migration.ts": {"path":"/home/runner/work/json-to-drizzle/json-to-drizzle/src/sqlite/create-data-migration.ts","statementMap":{"0":{"start":{"line":6,"column":2},"end":{"line":20,"column":null}},"1":{"start":{"line":7,"column":23},"end":{"line":7,"column":44}},"2":{"start":{"line":9,"column":19},"end":{"line":9,"column":null}},"3":{"start":{"line":9,"column":49},"end":{"line":9,"column":52}},"4":{"start":{"line":10,"column":6},"end":{"line":18,"column":null}},"5":{"start":{"line":14,"column":27},"end":{"line":14,"column":null}},"6":{"start":{"line":14,"column":45},"end":{"line":14,"column":53}},"7":{"start":{"line":15,"column":12},"end":{"line":15,"column":null}},"8":{"start":{"line":15,"column":37},"end":{"line":15,"column":60}}},"fnMap":{"0":{"name":"createDataMigration","decl":{"start":{"line":5,"column":16},"end":{"line":5,"column":36}},"loc":{"start":{"line":5,"column":63},"end":{"line":21,"column":null}},"line":5},"1":{"name":"(anonymous_1)","decl":{"start":{"line":7,"column":12},"end":{"line":7,"column":13}},"loc":{"start":{"line":7,"column":23},"end":{"line":7,"column":44}},"line":7},"2":{"name":"(anonymous_2)","decl":{"start":{"line":8,"column":9},"end":{"line":8,"column":10}},"loc":{"start":{"line":8,"column":20},"end":{"line":19,"column":5}},"line":8},"3":{"name":"(anonymous_3)","decl":{"start":{"line":9,"column":36},"end":{"line":9,"column":37}},"loc":{"start":{"line":9,"column":49},"end":{"line":9,"column":52}},"line":9},"4":{"name":"(anonymous_4)","decl":{"start":{"line":13,"column":15},"end":{"line":13,"column":16}},"loc":{"start":{"line":13,"column":24},"end":{"line":16,"column":11}},"line":13},"5":{"name":"(anonymous_5)","decl":{"start":{"line":14,"column":36},"end":{"line":14,"column":37}},"loc":{"start":{"line":14,"column":45},"end":{"line":14,"column":53}},"line":14},"6":{"name":"(anonymous_6)","decl":{"start":{"line":15,"column":36},"end":{"line":15,"column":37}},"loc":{"start":{"line":15,"column":37},"end":{"line":15,"column":60}},"line":15}},"branchMap":{},"s":{"0":8,"1":12,"2":10,"3":23,"4":10,"5":25,"6":60,"7":25,"8":60},"f":{"0":8,"1":12,"2":10,"3":23,"4":25,"5":60,"6":60},"b":{},"meta":{"lastBranch":0,"lastFunction":7,"lastStatement":9,"seen":{"f:5:16:5:36":0,"s:6:2:20:Infinity":0,"f:7:12:7:13":1,"s:7:23:7:44":1,"f:8:9:8:10":2,"s:9:19:9:Infinity":2,"f:9:36:9:37":3,"s:9:49:9:52":3,"s:10:6:18:Infinity":4,"f:13:15:13:16":4,"s:14:27:14:Infinity":5,"f:14:36:14:37":5,"s:14:45:14:53":6,"s:15:12:15:Infinity":7,"f:15:36:15:37":6,"s:15:37:15:60":8}}}
,"/home/runner/work/json-to-drizzle/json-to-drizzle/src/sqlite/create-initial-migration.ts": {"path":"/home/runner/work/json-to-drizzle/json-to-drizzle/src/sqlite/create-initial-migration.ts","statementMap":{"0":{"start":{"line":8,"column":2},"end":{"line":29,"column":null}},"1":{"start":{"line":10,"column":12},"end":{"line":10,"column":null}},"2":{"start":{"line":11,"column":6},"end":{"line":27,"column":null}},"3":{"start":{"line":16,"column":14},"end":{"line":16,"column":null}},"4":{"start":{"line":22,"column":18},"end":{"line":22,"column":null}}},"fnMap":{"0":{"name":"createInitialMigration","decl":{"start":{"line":7,"column":16},"end":{"line":7,"column":39}},"loc":{"start":{"line":7,"column":74},"end":{"line":30,"column":null}},"line":7},"1":{"name":"(anonymous_1)","decl":{"start":{"line":9,"column":9},"end":{"line":9,"column":10}},"loc":{"start":{"line":9,"column":20},"end":{"line":28,"column":5}},"line":9},"2":{"name":"(anonymous_2)","decl":{"start":{"line":15,"column":12},"end":{"line":15,"column":13}},"loc":{"start":{"line":16,"column":14},"end":{"line":16,"column":null}},"line":16},"3":{"name":"(anonymous_3)","decl":{"start":{"line":21,"column":16},"end":{"line":21,"column":17}},"loc":{"start":{"line":22,"column":18},"end":{"line":22,"column":null}},"line":22}},"branchMap":{"0":{"loc":{"start":{"line":16,"column":54},"end":{"line":16,"column":89}},"type":"cond-expr","locations":[{"start":{"line":16,"column":73},"end":{"line":16,"column":78}},{"start":{"line":16,"column":78},"end":{"line":16,"column":89}}],"line":16},"1":{"loc":{"start":{"line":19,"column":14},"end":{"line":24,"column":null}},"type":"cond-expr","locations":[{"start":{"line":20,"column":14},"end":{"line":23,"column":null}},{"start":{"line":24,"column":14},"end":{"line":24,"column":null}}],"line":19}},"s":{"0":8,"1":12,"2":12,"3":26,"4":4},"f":{"0":8,"1":12,"2":26,"3":4},"b":{"0":[3,23],"1":[4,8]},"meta":{"lastBranch":2,"lastFunction":4,"lastStatement":5,"seen":{"f:7:16:7:39":0,"s:8:2:29:Infinity":0,"f:9:9:9:10":1,"s:10:12:10:Infinity":1,"s:11:6:27:Infinity":2,"f:15:12:15:13":2,"s:16:14:16:Infinity":3,"b:16:73:16:78:16:78:16:89":0,"b:20:14:23:Infinity:24:14:24:Infinity":1,"f:21:16:21:17":3,"s:22:18:22:Infinity":4}}}
,"/home/runner/work/json-to-drizzle/json-to-drizzle/src/sqlite/escape.ts": {"path":"/home/runner/work/json-to-drizzle/json-to-drizzle/src/sqlite/escape.ts","statementMap":{"0":{"start":{"line":4,"column":2},"end":{"line":6,"column":null}},"1":{"start":{"line":5,"column":4},"end":{"line":5,"column":null}},"2":{"start":{"line":7,"column":2},"end":{"line":17,"column":null}},"3":{"start":{"line":9,"column":6},"end":{"line":9,"column":null}},"4":{"start":{"line":12,"column":6},"end":{"line":12,"column":null}},"5":{"start":{"line":15,"column":6},"end":{"line":15,"column":null}}},"fnMap":{"0":{"name":"escape","decl":{"start":{"line":3,"column":16},"end":{"line":3,"column":23}},"loc":{"start":{"line":3,"column":67},"end":{"line":18,"column":null}},"line":3}},"branchMap":{"0":{"loc":{"start":{"line":4,"column":2},"end":{"line":6,"column":null}},"type":"if","locations":[{"start":{"line":4,"column":2},"end":{"line":6,"column":null}},{"start":{},"end":{}}],"line":4},"1":{"loc":{"start":{"line":4,"column":6},"end":{"line":4,"column":45}},"type":"binary-expr","locations":[{"start":{"line":4,"column":6},"end":{"line":4,"column":24}},{"start":{"line":4,"column":24},"end":{"line":4,"column":45}}],"line":4},"2":{"loc":{"start":{"line":7,"column":2},"end":{"line":17,"column":null}},"type":"switch","locations":[{"start":{"line":8,"column":4},"end":{"line":10,"column":null}},{"start":{"line":11,"column":4},"end":{"line":13,"column":null}},{"start":{"line":14,"column":4},"end":{"line":16,"column":null}}],"line":7}},"s":{"0":60,"1":3,"2":57,"3":2,"4":7,"5":48},"f":{"0":60},"b":{"0":[3,57],"1":[60,59],"2":[57,7,48]},"meta":{"lastBranch":3,"lastFunction":1,"lastStatement":6,"seen":{"f:3:16:3:23":0,"b:4:2:6:Infinity:undefined:undefined:undefined:undefined":0,"s:4:2:6:Infinity":0,"b:4:6:4:24:4:24:4:45":1,"s:5:4:5:Infinity":1,"b:8:4:10:Infinity:11:4:13:Infinity:14:4:16:Infinity":2,"s:7:2:17:Infinity":2,"s:9:6:9:Infinity":3,"s:12:6:12:Infinity":4,"s:15:6:15:Infinity":5}}}
,"/home/runner/work/json-to-drizzle/json-to-drizzle/src/sqlite/get-field-type.ts": {"path":"/home/runner/work/json-to-drizzle/json-to-drizzle/src/sqlite/get-field-type.ts","statementMap":{"0":{"start":{"line":4,"column":2},"end":{"line":15,"column":null}},"1":{"start":{"line":7,"column":6},"end":{"line":7,"column":null}},"2":{"start":{"line":10,"column":6},"end":{"line":10,"column":null}},"3":{"start":{"line":13,"column":6},"end":{"line":13,"column":null}}},"fnMap":{"0":{"name":"getFieldType","decl":{"start":{"line":3,"column":16},"end":{"line":3,"column":29}},"loc":{"start":{"line":3,"column":43},"end":{"line":16,"column":null}},"line":3}},"branchMap":{"0":{"loc":{"start":{"line":4,"column":2},"end":{"line":15,"column":null}},"type":"switch","locations":[{"start":{"line":5,"column":4},"end":{"line":5,"column":null}},{"start":{"line":6,"column":4},"end":{"line":8,"column":null}},{"start":{"line":9,"column":4},"end":{"line":11,"column":null}},{"start":{"line":12,"column":4},"end":{"line":14,"column":null}}],"line":4}},"s":{"0":26,"1":20,"2":1,"3":5},"f":{"0":26},"b":{"0":[1,20,1,5]},"meta":{"lastBranch":1,"lastFunction":1,"lastStatement":4,"seen":{"f:3:16:3:29":0,"b:5:4:5:Infinity:6:4:8:Infinity:9:4:11:Infinity:12:4:14:Infinity":0,"s:4:2:15:Infinity":0,"s:7:6:7:Infinity":1,"s:10:6:10:Infinity":2,"s:13:6:13:Infinity":3}}}
,"/home/runner/work/json-to-drizzle/json-to-drizzle/src/utils/index.ts": {"path":"/home/runner/work/json-to-drizzle/json-to-drizzle/src/utils/index.ts","statementMap":{},"fnMap":{},"branchMap":{},"s":{},"f":{},"b":{},"meta":{"lastBranch":0,"lastFunction":0,"lastStatement":0,"seen":{}}}
,"/home/runner/work/json-to-drizzle/json-to-drizzle/src/utils/is-array-of-arrays.ts": {"path":"/home/runner/work/json-to-drizzle/json-to-drizzle/src/utils/is-array-of-arrays.ts","statementMap":{"0":{"start":{"line":2,"column":2},"end":{"line":4,"column":null}},"1":{"start":{"line":3,"column":4},"end":{"line":3,"column":null}},"2":{"start":{"line":5,"column":2},"end":{"line":5,"column":null}},"3":{"start":{"line":5,"column":29},"end":{"line":5,"column":48}}},"fnMap":{"0":{"name":"isArrayOfArrays","decl":{"start":{"line":1,"column":16},"end":{"line":1,"column":32}},"loc":{"start":{"line":1,"column":68},"end":{"line":6,"column":null}},"line":1},"1":{"name":"(anonymous_1)","decl":{"start":{"line":5,"column":19},"end":{"line":5,"column":20}},"loc":{"start":{"line":5,"column":29},"end":{"line":5,"column":48}},"line":5}},"branchMap":{"0":{"loc":{"start":{"line":2,"column":2},"end":{"line":4,"column":null}},"type":"if","locations":[{"start":{"line":2,"column":2},"end":{"line":4,"column":null}},{"start":{},"end":{}}],"line":2}},"s":{"0":35,"1":4,"2":31,"3":31},"f":{"0":35,"1":31},"b":{"0":[4,31]},"meta":{"lastBranch":1,"lastFunction":2,"lastStatement":4,"seen":{"f:1:16:1:32":0,"b:2:2:4:Infinity:undefined:undefined:undefined:undefined":0,"s:2:2:4:Infinity":0,"s:3:4:3:Infinity":1,"s:5:2:5:Infinity":2,"f:5:19:5:20":1,"s:5:29:5:48":3}}}
,"/home/runner/work/json-to-drizzle/json-to-drizzle/src/utils/is-array-of-primitives.ts": {"path":"/home/runner/work/json-to-drizzle/json-to-drizzle/src/utils/is-array-of-primitives.ts","statementMap":{"0":{"start":{"line":1,"column":20},"end":{"line":1,"column":null}},"1":{"start":{"line":4,"column":27},"end":{"line":4,"column":null}},"2":{"start":{"line":4,"column":46},"end":{"line":4,"column":59}},"3":{"start":{"line":5,"column":31},"end":{"line":5,"column":null}},"4":{"start":{"line":7,"column":2},"end":{"line":9,"column":null}},"5":{"start":{"line":8,"column":4},"end":{"line":8,"column":null}},"6":{"start":{"line":11,"column":2},"end":{"line":13,"column":null}},"7":{"start":{"line":12,"column":14},"end":{"line":12,"column":null}}},"fnMap":{"0":{"name":"isArrayOfPrimitives","decl":{"start":{"line":3,"column":16},"end":{"line":3,"column":36}},"loc":{"start":{"line":3,"column":69},"end":{"line":14,"column":null}},"line":3},"1":{"name":"(anonymous_1)","decl":{"start":{"line":4,"column":36},"end":{"line":4,"column":37}},"loc":{"start":{"line":4,"column":46},"end":{"line":4,"column":59}},"line":4},"2":{"name":"(anonymous_2)","decl":{"start":{"line":12,"column":4},"end":{"line":12,"column":5}},"loc":{"start":{"line":12,"column":14},"end":{"line":12,"column":null}},"line":12}},"branchMap":{"0":{"loc":{"start":{"line":7,"column":2},"end":{"line":9,"column":null}},"type":"if","locations":[{"start":{"line":7,"column":2},"end":{"line":9,"column":null}},{"start":{},"end":{}}],"line":7},"1":{"loc":{"start":{"line":12,"column":14},"end":{"line":12,"column":null}},"type":"binary-expr","locations":[{"start":{"line":12,"column":14},"end":{"line":12,"column":31}},{"start":{"line":12,"column":31},"end":{"line":12,"column":null}}],"line":12}},"s":{"0":4,"1":35,"2":32,"3":35,"4":35,"5":25,"6":10,"7":28},"f":{"0":35,"1":32,"2":28},"b":{"0":[25,10],"1":[28,25]},"meta":{"lastBranch":2,"lastFunction":3,"lastStatement":8,"seen":{"s:1:20:1:Infinity":0,"f:3:16:3:36":0,"s:4:27:4:Infinity":1,"f:4:36:4:37":1,"s:4:46:4:59":2,"s:5:31:5:Infinity":3,"b:7:2:9:Infinity:undefined:undefined:undefined:undefined":0,"s:7:2:9:Infinity":4,"s:8:4:8:Infinity":5,"s:11:2:13:Infinity":6,"f:12:4:12:5":2,"s:12:14:12:Infinity":7,"b:12:14:12:31:12:31:12:Infinity":1}}}
,"/home/runner/work/json-to-drizzle/json-to-drizzle/src/utils/is-localization-object.ts": {"path":"/home/runner/work/json-to-drizzle/json-to-drizzle/src/utils/is-localization-object.ts","statementMap":{"0":{"start":{"line":2,"column":2},"end":{"line":2,"column":null}}},"fnMap":{"0":{"name":"isLocalizationObject","decl":{"start":{"line":1,"column":16},"end":{"line":1,"column":37}},"loc":{"start":{"line":1,"column":67},"end":{"line":3,"column":null}},"line":1}},"branchMap":{"0":{"loc":{"start":{"line":2,"column":9},"end":{"line":2,"column":null}},"type":"binary-expr","locations":[{"start":{"line":2,"column":9},"end":{"line":2,"column":24}},{"start":{"line":2,"column":24},"end":{"line":2,"column":null}}],"line":2}},"s":{"0":41},"f":{"0":41},"b":{"0":[41,1]},"meta":{"lastBranch":1,"lastFunction":1,"lastStatement":1,"seen":{"f:1:16:1:37":0,"s:2:2:2:Infinity":0,"b:2:9:2:24:2:24:2:Infinity":0}}}
,"/home/runner/work/json-to-drizzle/json-to-drizzle/src/utils/snake-case.ts": {"path":"/home/runner/work/json-to-drizzle/json-to-drizzle/src/utils/snake-case.ts","statementMap":{"0":{"start":{"line":2,"column":2},"end":{"line":15,"column":null}}},"fnMap":{"0":{"name":"snakeCase","decl":{"start":{"line":1,"column":16},"end":{"line":1,"column":26}},"loc":{"start":{"line":1,"column":39},"end":{"line":17,"column":null}},"line":1}},"branchMap":{},"s":{"0":141},"f":{"0":141},"b":{},"meta":{"lastBranch":0,"lastFunction":1,"lastStatement":1,"seen":{"f:1:16:1:26":0,"s:2:2:15:Infinity":0}}}
}
