TN:
SF:src/create-relational-structure/create-foreign-key.ts
FN:3,createForeignKey
FNF:1
FNH:1
FNDA:13,createForeignKey
DA:7,13
LF:1
LH:1
BRF:0
BRH:0
end_of_record
TN:
SF:src/create-relational-structure/create-relational-structure.ts
FN:7,createRelationalStructure
FN:28,(anonymous_1)
FN:30,(anonymous_2)
FN:38,(anonymous_3)
FN:57,(anonymous_4)
FN:87,(anonymous_5)
FNF:6
FNH:6
FNDA:35,createRelationalStructure
FNDA:74,(anonymous_1)
FNDA:74,(anonymous_2)
FNDA:28,(anonymous_3)
FNDA:74,(anonymous_4)
FNDA:12,(anonymous_5)
DA:12,35
DA:13,35
DA:14,35
DA:15,35
DA:16,35
DA:18,35
DA:19,12
DA:26,35
DA:28,74
DA:30,35
DA:31,74
DA:32,149
DA:33,149
DA:34,18
DA:35,12
DA:37,18
DA:38,18
DA:39,28
DA:42,131
DA:43,131
DA:45,7
DA:46,0
DA:49,131
DA:57,35
DA:58,74
DA:59,74
DA:60,145
DA:61,18
DA:63,127
DA:65,74
DA:68,35
DA:69,35
DA:71,35
DA:72,28
DA:73,28
DA:80,35
DA:86,35
DA:88,12
DA:96,35
LF:39
LH:38
BRDA:18,0,0,12
BRDA:18,0,1,23
BRDA:33,1,0,18
BRDA:33,1,1,131
BRDA:34,2,0,12
BRDA:34,2,1,6
BRDA:45,3,0,0
BRDA:45,3,1,7
BRDA:60,4,0,18
BRDA:60,4,1,127
BRDA:76,5,0,7
BRDA:76,5,1,21
BRF:12
BRH:11
end_of_record
TN:
SF:src/create-relational-structure/create-relational-table.ts
FN:3,createRelationalTable
FNF:1
FNH:1
FNDA:2,createRelationalTable
DA:6,2
LF:1
LH:1
BRF:0
BRH:0
end_of_record
TN:
SF:src/create-relational-structure/get-foreign-keys.ts
FN:3,getForeignKeys
FN:5,(anonymous_1)
FN:7,(anonymous_2)
FNF:3
FNH:3
FNDA:13,getForeignKeys
FNDA:29,(anonymous_1)
FNDA:5,(anonymous_2)
DA:4,13
DA:5,29
DA:7,5
LF:3
LH:3
BRF:0
BRH:0
end_of_record
TN:
SF:src/create-relational-structure/get-is-nullable.ts
FN:3,getIsNullable
FNF:1
FNH:1
FNDA:131,getIsNullable
DA:7,131
LF:1
LH:1
BRDA:7,0,0,131
BRDA:7,0,1,126
BRDA:7,0,2,123
BRF:3
BRH:3
end_of_record
TN:
SF:src/create-relational-structure/get-primary-keys.ts
FN:3,getPrimaryKeys
FN:5,(anonymous_1)
FN:6,(anonymous_2)
FNF:3
FNH:3
FNDA:12,getPrimaryKeys
FNDA:26,(anonymous_1)
FNDA:16,(anonymous_2)
DA:4,12
DA:5,26
DA:6,16
LF:3
LH:3
BRF:0
BRH:0
end_of_record
TN:
SF:src/create-relational-structure/get-type.ts
FN:6,getType
FNF:1
FNH:1
FNDA:131,getType
DA:10,131
DA:12,101
DA:13,95
DA:15,6
DA:19,17
DA:22,6
DA:25,7
LF:7
LH:7
BRDA:10,0,0,101
BRDA:10,0,1,17
BRDA:10,0,2,6
BRDA:10,0,3,7
BRDA:12,1,0,95
BRDA:12,1,1,6
BRDA:12,2,0,101
BRDA:12,2,1,98
BRF:8
BRH:8
end_of_record
TN:
SF:src/create-relational-structure/index.ts
FNF:0
FNH:0
LF:0
LH:0
BRF:0
BRH:0
end_of_record
TN:
SF:src/normalize/index.ts
FNF:0
FNH:0
LF:0
LH:0
BRF:0
BRH:0
end_of_record
TN:
SF:src/normalize/normalize-array-of-arrays.ts
FN:3,normalizePrimitiveArrays
FN:6,(anonymous_1)
FN:8,(anonymous_2)
FN:12,(anonymous_3)
FNF:4
FNH:4
FNDA:178,normalizePrimitiveArrays
FNDA:2,(anonymous_1)
FNDA:65,(anonymous_2)
FNDA:92,(anonymous_3)
DA:4,178
DA:5,35
DA:6,2
DA:8,65
DA:10,143
DA:11,71
DA:12,92
DA:18,72
LF:8
LH:8
BRDA:4,0,0,35
BRDA:4,0,1,143
BRDA:5,1,0,2
BRDA:5,1,1,33
BRDA:10,2,0,71
BRDA:10,2,1,72
BRF:6
BRH:6
end_of_record
TN:
SF:src/normalize/normalize-array-of-primitives.ts
FN:3,normalizeArrayOfPrimitives
FN:6,(anonymous_1)
FN:8,(anonymous_2)
FN:12,(anonymous_3)
FNF:4
FNH:4
FNDA:122,normalizeArrayOfPrimitives
FNDA:28,(anonymous_1)
FNDA:39,(anonymous_2)
FNDA:64,(anonymous_3)
DA:4,122
DA:5,35
DA:6,28
DA:8,39
DA:10,87
DA:11,43
DA:12,64
DA:18,44
LF:8
LH:8
BRDA:4,0,0,35
BRDA:4,0,1,87
BRDA:5,1,0,10
BRDA:5,1,1,25
BRDA:10,2,0,43
BRDA:10,2,1,44
BRF:6
BRH:6
end_of_record
TN:
SF:src/normalize/normalize-deep-objects.ts
FN:3,normalizeDeepObjects
FN:9,(anonymous_1)
FN:16,(anonymous_2)
FNF:3
FNH:3
FNDA:120,normalizeDeepObjects
FNDA:42,(anonymous_1)
FNDA:36,(anonymous_2)
DA:8,120
DA:9,42
DA:10,98
DA:11,92
DA:12,117
DA:14,117
DA:15,117
DA:16,36
DA:17,97
DA:18,16
DA:20,81
DA:23,92
DA:25,6
LF:13
LH:13
BRDA:5,0,0,120
BRDA:6,1,0,120
BRDA:8,2,0,22
BRDA:8,2,1,98
BRDA:10,3,0,92
BRDA:10,3,1,6
BRDA:10,4,0,98
BRDA:10,4,1,93
BRDA:12,5,0,24
BRDA:12,5,1,93
BRDA:15,6,0,20
BRDA:15,6,1,97
BRDA:17,7,0,16
BRDA:17,7,1,81
BRDA:17,8,0,97
BRDA:17,8,1,21
BRF:16
BRH:16
end_of_record
TN:
SF:src/normalize/normalize-localization.ts
FN:3,normalizeLocalization
FN:5,(anonymous_1)
FN:8,(anonymous_2)
FN:11,(anonymous_3)
FNF:4
FNH:4
FNDA:141,normalizeLocalization
FNDA:64,(anonymous_1)
FNDA:3,(anonymous_2)
FNDA:58,(anonymous_3)
DA:4,141
DA:5,64
DA:6,107
DA:7,41
DA:8,3
DA:10,40
DA:11,58
DA:18,66
LF:8
LH:8
BRDA:4,0,0,34
BRDA:4,0,1,107
BRDA:6,1,0,41
BRDA:6,1,1,66
BRDA:7,2,0,1
BRDA:7,2,1,40
BRF:6
BRH:6
end_of_record
TN:
SF:src/normalize/normalize.ts
FN:7,normalize
FNF:1
FNH:1
FNDA:19,normalize
DA:9,19
LF:1
LH:1
BRF:0
BRH:0
end_of_record
TN:
SF:src/sqlite/create-data-migration.ts
FN:5,createDataMigration
FN:7,(anonymous_1)
FN:8,(anonymous_2)
FN:9,(anonymous_3)
FN:13,(anonymous_4)
FN:14,(anonymous_5)
FN:15,(anonymous_6)
FNF:7
FNH:7
FNDA:8,createDataMigration
FNDA:12,(anonymous_1)
FNDA:10,(anonymous_2)
FNDA:23,(anonymous_3)
FNDA:25,(anonymous_4)
FNDA:60,(anonymous_5)
FNDA:60,(anonymous_6)
DA:6,8
DA:7,12
DA:9,23
DA:10,10
DA:14,60
DA:15,60
LF:6
LH:6
BRF:0
BRH:0
end_of_record
TN:
SF:src/sqlite/create-initial-migration.ts
FN:7,createInitialMigration
FN:9,(anonymous_1)
FN:15,(anonymous_2)
FN:21,(anonymous_3)
FNF:4
FNH:4
FNDA:8,createInitialMigration
FNDA:12,(anonymous_1)
FNDA:26,(anonymous_2)
FNDA:4,(anonymous_3)
DA:8,8
DA:10,12
DA:11,12
DA:16,26
DA:22,4
LF:5
LH:5
BRDA:16,0,0,3
BRDA:16,0,1,23
BRDA:19,1,0,4
BRDA:19,1,1,8
BRF:4
BRH:4
end_of_record
TN:
SF:src/sqlite/escape.ts
FN:3,escape
FNF:1
FNH:1
FNDA:60,escape
DA:4,60
DA:5,3
DA:7,57
DA:9,2
DA:12,7
DA:15,48
LF:6
LH:6
BRDA:4,0,0,3
BRDA:4,0,1,57
BRDA:4,1,0,60
BRDA:4,1,1,59
BRDA:7,2,0,57
BRDA:7,2,1,7
BRDA:7,2,2,48
BRF:7
BRH:7
end_of_record
TN:
SF:src/sqlite/get-field-type.ts
FN:3,getFieldType
FNF:1
FNH:1
FNDA:26,getFieldType
DA:4,26
DA:7,20
DA:10,1
DA:13,5
LF:4
LH:4
BRDA:4,0,0,1
BRDA:4,0,1,20
BRDA:4,0,2,1
BRDA:4,0,3,5
BRF:4
BRH:4
end_of_record
TN:
SF:src/utils/index.ts
FNF:0
FNH:0
LF:0
LH:0
BRF:0
BRH:0
end_of_record
TN:
SF:src/utils/is-array-of-arrays.ts
FN:1,isArrayOfArrays
FN:5,(anonymous_1)
FNF:2
FNH:2
FNDA:35,isArrayOfArrays
FNDA:31,(anonymous_1)
DA:2,35
DA:3,4
DA:5,31
LF:3
LH:3
BRDA:2,0,0,4
BRDA:2,0,1,31
BRF:2
BRH:2
end_of_record
TN:
SF:src/utils/is-array-of-primitives.ts
FN:3,isArrayOfPrimitives
FN:4,(anonymous_1)
FN:12,(anonymous_2)
FNF:3
FNH:3
FNDA:35,isArrayOfPrimitives
FNDA:32,(anonymous_1)
FNDA:28,(anonymous_2)
DA:1,4
DA:4,35
DA:5,35
DA:7,35
DA:8,25
DA:11,10
DA:12,28
LF:7
LH:7
BRDA:7,0,0,25
BRDA:7,0,1,10
BRDA:12,1,0,28
BRDA:12,1,1,25
BRF:4
BRH:4
end_of_record
TN:
SF:src/utils/is-localization-object.ts
FN:1,isLocalizationObject
FNF:1
FNH:1
FNDA:41,isLocalizationObject
DA:2,41
LF:1
LH:1
BRDA:2,0,0,41
BRDA:2,0,1,1
BRF:2
BRH:2
end_of_record
TN:
SF:src/utils/snake-case.ts
FN:1,snakeCase
FNF:1
FNH:1
FNDA:141,snakeCase
DA:2,141
LF:1
LH:1
BRF:0
BRH:0
end_of_record
